# This file was generated by Stellaris Diff Scanner on 2026-02-23 13:36:10 (by FirePrince)

= TRAITS =

	Added:	2
	Removed: 0

= traits_diff_added.list =

trait_cyborg_mass_produced
trait_cyborg_propaganda_machines

= TECHS =

	Added:	0
	Removed: 0

= TRIGGERS =

	Renamed: 1
	Added:	13
	Removed: 15

= triggers_renamed.list =

has_toxic_baths (00_scripted_triggers.txt) -> is_toxic_baths_empire (00_scripted_triggers.txt) (70.536%)

= triggers_diff_added.list =

country_has_habitability_and_housing
has_anti_psionic_assimilation_living_standard
has_toxic_baths_building
is_gestalt_ruler
is_psionic_aura_suppressed
planet_has_habitability_and_housing
trader_is_subterranean
wrangler_is_animal_handler_trigger
wrangler_is_beastfighter_trigger
wrangler_is_hunter_drone_trigger
wrangler_is_rancher_trigger
wrangler_is_symbiosis_integrator_trigger
wrangler_is_trophy_hunter_trigger

= triggers_diff_removed.list =

can_assemble_bio_pop
can_assemble_hive_pop
can_assemble_robot
check_aura_suppressors
has_any_habitability_and_housing
has_decent_habitability
has_decent_habitability_and_housing
has_good_habitability
has_good_habitability_and_housing
has_some_habitability
has_some_habitability_and_housing
miner_is_mineral_diver_trigger
replicator_is_bath_attendant_machine
roboticist_is_bath_attendant_individual_machine
spawning_drone_is_bath_attendant_hive_trigger

= TRADITIONS =

	Renamed: 1
	Added:	0
	Removed: 0

= traditions_renamed.list =

tr_cybernetics_assimilator_gestation (01_cybernetics_assimilator.txt) -> tr_cybernetics_assimilator_augmentation_centers (01_cybernetics_assimilator.txt) (76.471%)

= EFFECTS =

	Added:	5
	Removed: 0

= effects_diff_added.list =

create_aberrant_fleet
create_unbidden_fleet
create_vehement_fleet
refuge_pop_group
spawn_eater_fleet_effect

= JOBS =

	Added:	1
	Removed: 13

= jobs_diff_added.list =

wrangler

= jobs_diff_removed.list =

animal_handler
beastfighter
drone_geologist
drone_historical_curator
drone_wonder_curator
geologist
hunter_drone
overlord_bath_attendant
overlord_bath_attendant_hive
overlord_bath_attendant_machine
symbiosis_integrator
trophy_hunter
wonder_curator

= BUILDINGS =

	Renamed: 3
	Added:	3
	Removed: 12

= buildings_renamed.list =

building_automation_farming_1 (01_pop_assembly_buildings.txt) -> building_automation_farmer_1 (01_pop_assembly_buildings.txt) (65.614%)
building_automation_farming_2 (01_pop_assembly_buildings.txt) -> building_automation_farmer_2 (01_pop_assembly_buildings.txt) (89.752%)
building_automation_mining_1 (01_pop_assembly_buildings.txt) -> building_automation_miner_1 (01_pop_assembly_buildings.txt) (68.192%)

= buildings_diff_added.list =

building_automation_miner_2
building_automation_technician_1
building_automation_technician_2

= buildings_diff_removed.list =

building_automation_city_1
building_automation_city_2
building_automation_generator_1
building_automation_generator_2
building_automation_mining_2
building_automation_urban_1
building_automation_urban_2
building_automation_urban_arcology_1
building_automation_urban_arcology_2
holding_toxic_bath
holding_toxic_bath_hive
holding_toxic_bath_machine

= MENACE_PERKS =

	Added:	0
	Removed: 0

= STARBASE_BUILDINGS =

	Added:	0
	Removed: 0

= STARBASE_MODULES =

	Added:	0
	Removed: 0

= DISTRICTS =

	Added:	1
	Removed: 0

= districts_diff_added.list =

district_mining_physics

= CIVICS =

	Added:	0
	Removed: 0

= GOVERNMENTS =

	Added:	0
	Removed: 0

= SCRIPT_VALUES =

	Added:	10
	Removed: 2

= script_values_diff_added.list =

animator_planets_cost
capital_tier_minus_1_value
districts_from_major_celestial_objects_value
eater_doom_intensity
eater_fleet_scaling
imperious_architecture_scaling_value
mentor_scale_value
num_animator_target_planets
refugee_attraction_multiplier
solarpunk_script_value

= script_values_diff_removed.list =

eater_teeth_count_scaling
toxic_attendant_growth

= VARIABLES =

	Added:	75
	Removed: 19

= variables_diff_added.list =

automation_upkeep_complex
automation_upkeep_elite
automation_upkeep_simple
automation_upkeep_specialist
automation_upkeep_worker
b4_alloy_upkeep
bio_ship_armor_l_7
bio_ship_armor_m_7
bio_ship_armor_regen_l_7
bio_ship_armor_regen_m_7
bio_ship_armor_regen_s_7
bio_ship_armor_s_7
bio_ship_hull_l_7
bio_ship_hull_m_7
bio_ship_hull_s_7
biotitan_upkeep_alloys
biotitan_upkeep_food
citadel_hp
deposit_chance_gaia_bonus
deposit_chance_high
deposit_chance_high_rare
deposit_chance_low
deposit_chance_low_rare
deposit_chance_med
deposit_chance_med_rare
deposit_chance_planet_type_bonus
faction_improved_output
fe_alloy_cost_0
fe_alloy_cost_1
fe_alloy_cost_2
fe_energy_upkeep_1
fe_energy_upkeep_2
fe_energy_upkeep_3
fe_energy_upkeep_4
fe_energy_upkeep_5
fe_rr_cost_0
fe_rr_cost_1
fe_rr_cost_2
fe_rr_upkeep_1
fe_rr_upkeep_2
fe_sr_cost_1
fe_sr_cost_2
fe_sr_upkeep_1
fe_sr_upkeep_2
frigate_upkeep_alloys
frigate_upkeep_energy
frigate_upkeep_minerals
habitable_volcanic_spawn_odds
hardening_T1
hardening_T2
hardening_T3
hardening_T4
hardening_T5
hardening_T6
hardening_T7
ion_cannon_collateral_range
ion_cannon_fleet_damage
living_standard_alloys_cyborg_reduction
living_standard_food_cyborg_reduction
media_conglomerate_multiplier
outpost_hp
perdition_beam_collateral_range
perdition_beam_fleet_damage
planet_job_mult_high
ranger_large_production
ranger_small_production
resettlement_energy
resettlement_energy_reduced
resettlement_unity
resettlement_unity_high
sector_job_mult_high
starfort_hp
starhold_hp
starport_hp
trait_sorting_priority_common_no_3

= variables_diff_removed.list =

civic_tankbound_efficiency_mult
civic_tankbound_efficiency_mult_halved
councilor_anglers_angler_food_bonus
councilor_anglers_pearl_diver_consumer_goods_bonus
councilor_chosen_corporate_trade_value
councilor_corporate_anglers_angler_trade_value_bonus
councilor_corporate_anglers_pearl_diver_trade_value_bonus
councilor_corporate_galactic_curators_trade_value
councilor_corporate_machine_anglers_angler_trade_value_bonus
councilor_corporate_machine_anglers_pearl_diver_trade_value_bonus
councilor_dark_consortium_researcher_dark_matter
councilor_dimensional_worship_priest_physics
councilor_dimensional_worship_priest_trade_value
councilor_galactic_curators_unity
councilor_machine_anglers_angler_food_bonus
councilor_machine_anglers_pearl_diver_consumer_goods_bonus
councilor_reanimated_armies_necromancer_unity
councilor_toxic_baths_attendant_unity
fe_sr_cost

= DEFINES =

	Added:	4
	Removed: 0

= defines_diff_added.list =

COMBAT_CHARGE_DISTANCE_COEFFICIENT
COMBAT_DESIRED_RANGE_MULT
UNDERDEVELOPED_PLANET_LIMIT
UNDERDEVELOPED_POP_LIMIT

= COLONY_TYPES =

	Added:	0
	Removed: 1

= colony_types_diff_removed.list =

col_gestation

= INLINE_SCRIPTS =

	Renamed: 1
	Added:	13
	Removed: 4

= inline_scripts_renamed.list =

paragon/global_faction_demands (global_faction_demands.txt) -> pop_faction_types/global_faction_demands (global_faction_demands.txt) (100.0%)

= inline_scripts_diff_added.list =

colony_types/colony_type_planet_modifier
colony_types/colony_type_planet_modifier_rural
colony_types/colony_type_planet_modifier_split
game_start/districts_standard_setup
game_start/fe_buildings_rural
game_start/origin_primal_calling
jobs/academia_recruiter_naval_cap_add
jobs/bath_attendant_add
jobs/politician_add_from_civic
pop_categories/resettlement_costs
pop_categories/resettlement_costs_low
pop_faction_types/shared_unity_production
ship_components/collateral_damage

= inline_scripts_diff_removed.list =

buildings/job_high_priest_variants_add_saintly_hierarchy
jobs/galactic_curator_council_output
jobs/wranglers_or_variant_add
output/soldier_output

= MODIFIERS =

	Renamed: 1
	Added:	6
	Removed: 5

= modifiers_renamed.list =

job_wrangler_or_variant_add (00_scripted_modifiers.txt) -> job_enforcer_stability_add (00_scripted_modifiers.txt) (75.676%)

= modifiers_diff_added.list =

cyber_hive_node_booster
cyber_hive_planet_booster
game_start
no_naval_capacity
refugee_attraction
soldier_jobs_bonus_workforce_mult

= modifiers_diff_removed.list =

everyone_but_dystopian_specialist_workforce_mult
gestation_colony
job_wrangler_or_variant_per_pop
tankbound_corporate_efficiency_malus
tankbound_efficiency_malus

= EVENTS =

	Added:	6
	Removed: 7

= events_diff_added.list =

assimilation.700
crisis.7111
cyber.7016
cyber.7017
origin.4001
shroud.4802

= events_diff_removed.list =

country.2050
machine_age.2100
machine_age.2101
machine_age.2105
shroud.4800
shroud.5200
shroud.5210

= COMMON =

	Added:	0
	Removed: 0

= NATIVE_TRIGGERS_LOG =

	Added:	0
	Removed: 0

= NATIVE_EFFECTS_LOG =

	Added:	1
	Removed: 0

= Native_effects_log_diff_added.list =

create_random_fleet

= NATIVE_MODIFIERS_LOG =

	Added:	121
	Removed: 460

= Native_modifiers_log_diff_added.list =

country_enclave_usage_add
district_mining_physics_max_add
district_mining_physics_max_mult
faction_demands_met_mult
faction_demands_unmet_mult
job_enforcer_automated_workforce_mult
job_enforcer_stability_add
leader_commanders_advanced_logic_upkeep_mult
leader_commanders_alloys_upkeep_mult
leader_commanders_astral_threads_upkeep_mult
leader_commanders_biomass_upkeep_mult
leader_commanders_consumer_goods_upkeep_mult
leader_commanders_energy_upkeep_mult
leader_commanders_engineering_research_upkeep_mult
leader_commanders_entropy_crystals_upkeep_mult
leader_commanders_exotic_gases_upkeep_mult
leader_commanders_feral_insight_upkeep_mult
leader_commanders_food_upkeep_mult
leader_commanders_influence_upkeep_mult
leader_commanders_menace_upkeep_mult
leader_commanders_minerals_upkeep_mult
leader_commanders_minor_artifacts_upkeep_mult
leader_commanders_nanites_upkeep_mult
leader_commanders_physics_research_upkeep_mult
leader_commanders_rare_crystals_upkeep_mult
leader_commanders_society_research_upkeep_mult
leader_commanders_sr_dark_matter_upkeep_mult
leader_commanders_sr_living_metal_upkeep_mult
leader_commanders_sr_zro_upkeep_mult
leader_commanders_trade_upkeep_mult
leader_commanders_unity_upkeep_mult
leader_commanders_upkeep_mult
leader_commanders_volatile_motes_upkeep_mult
planet_building_automation_farmer_1_build_speed_mult
planet_building_automation_farmer_2_build_speed_mult
planet_building_automation_miner_1_build_speed_mult
planet_building_automation_miner_2_build_speed_mult
planet_building_automation_technician_1_build_speed_mult
planet_building_automation_technician_2_build_speed_mult
planet_district_mining_physics_build_speed_mult
planet_mentors_advanced_logic_upkeep_mult
planet_mentors_alloys_upkeep_mult
planet_mentors_astral_threads_upkeep_mult
planet_mentors_biomass_upkeep_mult
planet_mentors_consumer_goods_upkeep_mult
planet_mentors_energy_upkeep_mult
planet_mentors_engineering_research_upkeep_mult
planet_mentors_entropy_crystals_upkeep_mult
planet_mentors_exotic_gases_upkeep_mult
planet_mentors_feral_insight_upkeep_mult
planet_mentors_food_upkeep_mult
planet_mentors_influence_upkeep_mult
planet_mentors_menace_upkeep_mult
planet_mentors_minerals_upkeep_mult
planet_mentors_minor_artifacts_upkeep_mult
planet_mentors_nanites_upkeep_mult
planet_mentors_physics_research_upkeep_mult
planet_mentors_rare_crystals_upkeep_mult
planet_mentors_society_research_upkeep_mult
planet_mentors_sr_dark_matter_upkeep_mult
planet_mentors_sr_living_metal_upkeep_mult
planet_mentors_sr_zro_upkeep_mult
planet_mentors_trade_upkeep_mult
planet_mentors_unity_upkeep_mult
planet_mentors_upkeep_mult
planet_mentors_volatile_motes_upkeep_mult
planet_soldiers_advanced_logic_produces_mult
planet_soldiers_alloys_produces_mult
planet_soldiers_astral_threads_produces_mult
planet_soldiers_biomass_produces_mult
planet_soldiers_consumer_goods_produces_mult
planet_soldiers_energy_produces_mult
planet_soldiers_engineering_research_produces_mult
planet_soldiers_entropy_crystals_produces_mult
planet_soldiers_exotic_gases_produces_mult
planet_soldiers_feral_insight_produces_mult
planet_soldiers_food_produces_mult
planet_soldiers_influence_produces_mult
planet_soldiers_menace_produces_mult
planet_soldiers_minerals_produces_mult
planet_soldiers_minor_artifacts_produces_mult
planet_soldiers_nanites_produces_mult
planet_soldiers_physics_research_produces_mult
planet_soldiers_produces_mult
planet_soldiers_rare_crystals_produces_mult
planet_soldiers_society_research_produces_mult
planet_soldiers_sr_dark_matter_produces_mult
planet_soldiers_sr_living_metal_produces_mult
planet_soldiers_sr_zro_produces_mult
planet_soldiers_trade_produces_mult
planet_soldiers_unity_produces_mult
planet_soldiers_volatile_motes_produces_mult
planet_zone_minerals_physics_build_speed_mult
pop_polytechnic_mentor_promotion_time_mult
refugee_attraction
ship_military_artificial_advanced_logic_upkeep_mult
ship_military_artificial_alloys_upkeep_mult
ship_military_artificial_astral_threads_upkeep_mult
ship_military_artificial_biomass_upkeep_mult
ship_military_artificial_consumer_goods_upkeep_mult
ship_military_artificial_energy_upkeep_mult
ship_military_artificial_engineering_research_upkeep_mult
ship_military_artificial_entropy_crystals_upkeep_mult
ship_military_artificial_exotic_gases_upkeep_mult
ship_military_artificial_feral_insight_upkeep_mult
ship_military_artificial_food_upkeep_mult
ship_military_artificial_influence_upkeep_mult
ship_military_artificial_menace_upkeep_mult
ship_military_artificial_minerals_upkeep_mult
ship_military_artificial_minor_artifacts_upkeep_mult
ship_military_artificial_nanites_upkeep_mult
ship_military_artificial_physics_research_upkeep_mult
ship_military_artificial_rare_crystals_upkeep_mult
ship_military_artificial_society_research_upkeep_mult
ship_military_artificial_sr_dark_matter_upkeep_mult
ship_military_artificial_sr_living_metal_upkeep_mult
ship_military_artificial_sr_zro_upkeep_mult
ship_military_artificial_trade_upkeep_mult
ship_military_artificial_unity_upkeep_mult
ship_military_artificial_upkeep_mult
ship_military_artificial_volatile_motes_upkeep_mult

= Native_modifiers_log_diff_removed.list =

job_animal_handler_add
job_animal_handler_automated_workforce_mult
job_animal_handler_max_workforce_add
job_animal_handler_max_workforce_mult
job_animal_handler_per_crime
job_animal_handler_per_pop
job_beastfighter_add
job_beastfighter_automated_workforce_mult
job_beastfighter_max_workforce_add
job_beastfighter_max_workforce_mult
job_beastfighter_per_crime
job_beastfighter_per_pop
job_drone_geologist_add
job_drone_geologist_automated_workforce_mult
job_drone_geologist_max_workforce_add
job_drone_geologist_max_workforce_mult
job_drone_geologist_per_crime
job_drone_geologist_per_pop
job_drone_historical_curator_add
job_drone_historical_curator_automated_workforce_mult
job_drone_historical_curator_max_workforce_add
job_drone_historical_curator_max_workforce_mult
job_drone_historical_curator_per_crime
job_drone_historical_curator_per_pop
job_drone_wonder_curator_add
job_drone_wonder_curator_automated_workforce_mult
job_drone_wonder_curator_max_workforce_add
job_drone_wonder_curator_max_workforce_mult
job_drone_wonder_curator_per_crime
job_drone_wonder_curator_per_pop
job_geologist_add
job_geologist_automated_workforce_mult
job_geologist_max_workforce_add
job_geologist_max_workforce_mult
job_geologist_per_crime
job_geologist_per_pop
job_hunter_drone_add
job_hunter_drone_automated_workforce_mult
job_hunter_drone_max_workforce_add
job_hunter_drone_max_workforce_mult
job_hunter_drone_per_crime
job_hunter_drone_per_pop
job_overlord_bath_attendant_add
job_overlord_bath_attendant_automated_workforce_mult
job_overlord_bath_attendant_hive_add
job_overlord_bath_attendant_hive_automated_workforce_mult
job_overlord_bath_attendant_hive_max_workforce_add
job_overlord_bath_attendant_hive_max_workforce_mult
job_overlord_bath_attendant_hive_per_crime
job_overlord_bath_attendant_hive_per_pop
job_overlord_bath_attendant_machine_add
job_overlord_bath_attendant_machine_automated_workforce_mult
job_overlord_bath_attendant_machine_max_workforce_add
job_overlord_bath_attendant_machine_max_workforce_mult
job_overlord_bath_attendant_machine_per_crime
job_overlord_bath_attendant_machine_per_pop
job_overlord_bath_attendant_max_workforce_add
job_overlord_bath_attendant_max_workforce_mult
job_overlord_bath_attendant_per_crime
job_overlord_bath_attendant_per_pop
job_rancher_add
job_rancher_automated_workforce_mult
job_rancher_max_workforce_add
job_rancher_max_workforce_mult
job_rancher_per_crime
job_rancher_per_pop
job_symbiosis_integrator_add
job_symbiosis_integrator_automated_workforce_mult
job_symbiosis_integrator_max_workforce_add
job_symbiosis_integrator_max_workforce_mult
job_symbiosis_integrator_per_crime
job_symbiosis_integrator_per_pop
job_trophy_hunter_add
job_trophy_hunter_automated_workforce_mult
job_trophy_hunter_max_workforce_add
job_trophy_hunter_max_workforce_mult
job_trophy_hunter_per_crime
job_trophy_hunter_per_pop
job_wonder_curator_add
job_wonder_curator_automated_workforce_mult
job_wonder_curator_max_workforce_add
job_wonder_curator_max_workforce_mult
job_wonder_curator_per_crime
job_wonder_curator_per_pop
job_wrangler_or_variant_add
job_wrangler_or_variant_per_pop
planet_building_automation_city_1_build_speed_mult
planet_building_automation_city_2_build_speed_mult
planet_building_automation_farming_1_build_speed_mult
planet_building_automation_farming_2_build_speed_mult
planet_building_automation_generator_1_build_speed_mult
planet_building_automation_generator_2_build_speed_mult
planet_building_automation_mining_1_build_speed_mult
planet_building_automation_mining_2_build_speed_mult
planet_building_automation_urban_1_build_speed_mult
planet_building_automation_urban_2_build_speed_mult
planet_building_automation_urban_arcology_1_build_speed_mult
planet_building_automation_urban_arcology_2_build_speed_mult
planet_districts_advanced_logic_upkeep_add
planet_districts_alloys_upkeep_add
planet_districts_astral_threads_upkeep_add
planet_districts_biomass_upkeep_add
planet_districts_consumer_goods_upkeep_add
planet_districts_energy_upkeep_add
planet_districts_engineering_research_upkeep_add
planet_districts_entropy_crystals_upkeep_add
planet_districts_exotic_gases_upkeep_add
planet_districts_farming_advanced_logic_upkeep_add
planet_districts_farming_alloys_upkeep_add
planet_districts_farming_astral_threads_upkeep_add
planet_districts_farming_biomass_upkeep_add
planet_districts_farming_consumer_goods_upkeep_add
planet_districts_farming_energy_upkeep_add
planet_districts_farming_engineering_research_upkeep_add
planet_districts_farming_entropy_crystals_upkeep_add
planet_districts_farming_exotic_gases_upkeep_add
planet_districts_farming_feral_insight_upkeep_add
planet_districts_farming_food_upkeep_add
planet_districts_farming_influence_upkeep_add
planet_districts_farming_menace_upkeep_add
planet_districts_farming_minerals_upkeep_add
planet_districts_farming_minor_artifacts_upkeep_add
planet_districts_farming_nanites_upkeep_add
planet_districts_farming_physics_research_upkeep_add
planet_districts_farming_rare_crystals_upkeep_add
planet_districts_farming_society_research_upkeep_add
planet_districts_farming_sr_dark_matter_upkeep_add
planet_districts_farming_sr_living_metal_upkeep_add
planet_districts_farming_sr_zro_upkeep_add
planet_districts_farming_trade_upkeep_add
planet_districts_farming_unity_upkeep_add
planet_districts_farming_volatile_motes_upkeep_add
planet_districts_feral_insight_upkeep_add
planet_districts_food_upkeep_add
planet_districts_generator_advanced_logic_upkeep_add
planet_districts_generator_alloys_upkeep_add
planet_districts_generator_astral_threads_upkeep_add
planet_districts_generator_biomass_upkeep_add
planet_districts_generator_consumer_goods_upkeep_add
planet_districts_generator_energy_upkeep_add
planet_districts_generator_engineering_research_upkeep_add
planet_districts_generator_entropy_crystals_upkeep_add
planet_districts_generator_exotic_gases_upkeep_add
planet_districts_generator_feral_insight_upkeep_add
planet_districts_generator_food_upkeep_add
planet_districts_generator_influence_upkeep_add
planet_districts_generator_menace_upkeep_add
planet_districts_generator_minerals_upkeep_add
planet_districts_generator_minor_artifacts_upkeep_add
planet_districts_generator_nanites_upkeep_add
planet_districts_generator_physics_research_upkeep_add
planet_districts_generator_rare_crystals_upkeep_add
planet_districts_generator_society_research_upkeep_add
planet_districts_generator_sr_dark_matter_upkeep_add
planet_districts_generator_sr_living_metal_upkeep_add
planet_districts_generator_sr_zro_upkeep_add
planet_districts_generator_trade_upkeep_add
planet_districts_generator_unity_upkeep_add
planet_districts_generator_volatile_motes_upkeep_add
planet_districts_hab_energy_advanced_logic_upkeep_add
planet_districts_hab_energy_alloys_upkeep_add
planet_districts_hab_energy_astral_threads_upkeep_add
planet_districts_hab_energy_biomass_upkeep_add
planet_districts_hab_energy_consumer_goods_upkeep_add
planet_districts_hab_energy_energy_upkeep_add
planet_districts_hab_energy_engineering_research_upkeep_add
planet_districts_hab_energy_entropy_crystals_upkeep_add
planet_districts_hab_energy_exotic_gases_upkeep_add
planet_districts_hab_energy_feral_insight_upkeep_add
planet_districts_hab_energy_food_upkeep_add
planet_districts_hab_energy_influence_upkeep_add
planet_districts_hab_energy_menace_upkeep_add
planet_districts_hab_energy_minerals_upkeep_add
planet_districts_hab_energy_minor_artifacts_upkeep_add
planet_districts_hab_energy_nanites_upkeep_add
planet_districts_hab_energy_physics_research_upkeep_add
planet_districts_hab_energy_rare_crystals_upkeep_add
planet_districts_hab_energy_society_research_upkeep_add
planet_districts_hab_energy_sr_dark_matter_upkeep_add
planet_districts_hab_energy_sr_living_metal_upkeep_add
planet_districts_hab_energy_sr_zro_upkeep_add
planet_districts_hab_energy_trade_upkeep_add
planet_districts_hab_energy_unity_upkeep_add
planet_districts_hab_energy_volatile_motes_upkeep_add
planet_districts_hab_mining_advanced_logic_upkeep_add
planet_districts_hab_mining_alloys_upkeep_add
planet_districts_hab_mining_astral_threads_upkeep_add
planet_districts_hab_mining_biomass_upkeep_add
planet_districts_hab_mining_consumer_goods_upkeep_add
planet_districts_hab_mining_energy_upkeep_add
planet_districts_hab_mining_engineering_research_upkeep_add
planet_districts_hab_mining_entropy_crystals_upkeep_add
planet_districts_hab_mining_exotic_gases_upkeep_add
planet_districts_hab_mining_feral_insight_upkeep_add
planet_districts_hab_mining_food_upkeep_add
planet_districts_hab_mining_influence_upkeep_add
planet_districts_hab_mining_menace_upkeep_add
planet_districts_hab_mining_minerals_upkeep_add
planet_districts_hab_mining_minor_artifacts_upkeep_add
planet_districts_hab_mining_nanites_upkeep_add
planet_districts_hab_mining_physics_research_upkeep_add
planet_districts_hab_mining_rare_crystals_upkeep_add
planet_districts_hab_mining_society_research_upkeep_add
planet_districts_hab_mining_sr_dark_matter_upkeep_add
planet_districts_hab_mining_sr_living_metal_upkeep_add
planet_districts_hab_mining_sr_zro_upkeep_add
planet_districts_hab_mining_trade_upkeep_add
planet_districts_hab_mining_unity_upkeep_add
planet_districts_hab_mining_volatile_motes_upkeep_add
planet_districts_influence_upkeep_add
planet_districts_menace_upkeep_add
planet_districts_minerals_upkeep_add
planet_districts_mining_advanced_logic_upkeep_add
planet_districts_mining_alloys_upkeep_add
planet_districts_mining_astral_threads_upkeep_add
planet_districts_mining_biomass_upkeep_add
planet_districts_mining_consumer_goods_upkeep_add
planet_districts_mining_energy_upkeep_add
planet_districts_mining_engineering_research_upkeep_add
planet_districts_mining_entropy_crystals_upkeep_add
planet_districts_mining_exotic_gases_upkeep_add
planet_districts_mining_feral_insight_upkeep_add
planet_districts_mining_food_upkeep_add
planet_districts_mining_influence_upkeep_add
planet_districts_mining_menace_upkeep_add
planet_districts_mining_minerals_upkeep_add
planet_districts_mining_minor_artifacts_upkeep_add
planet_districts_mining_nanites_upkeep_add
planet_districts_mining_physics_research_upkeep_add
planet_districts_mining_rare_crystals_upkeep_add
planet_districts_mining_society_research_upkeep_add
planet_districts_mining_sr_dark_matter_upkeep_add
planet_districts_mining_sr_living_metal_upkeep_add
planet_districts_mining_sr_zro_upkeep_add
planet_districts_mining_trade_upkeep_add
planet_districts_mining_unity_upkeep_add
planet_districts_mining_volatile_motes_upkeep_add
planet_districts_minor_artifacts_upkeep_add
planet_districts_nanites_upkeep_add
planet_districts_physics_research_upkeep_add
planet_districts_rare_crystals_upkeep_add
planet_districts_rw_farming_advanced_logic_upkeep_add
planet_districts_rw_farming_alloys_upkeep_add
planet_districts_rw_farming_astral_threads_upkeep_add
planet_districts_rw_farming_biomass_upkeep_add
planet_districts_rw_farming_consumer_goods_upkeep_add
planet_districts_rw_farming_energy_upkeep_add
planet_districts_rw_farming_engineering_research_upkeep_add
planet_districts_rw_farming_entropy_crystals_upkeep_add
planet_districts_rw_farming_exotic_gases_upkeep_add
planet_districts_rw_farming_feral_insight_upkeep_add
planet_districts_rw_farming_food_upkeep_add
planet_districts_rw_farming_influence_upkeep_add
planet_districts_rw_farming_menace_upkeep_add
planet_districts_rw_farming_minerals_upkeep_add
planet_districts_rw_farming_minor_artifacts_upkeep_add
planet_districts_rw_farming_nanites_upkeep_add
planet_districts_rw_farming_physics_research_upkeep_add
planet_districts_rw_farming_rare_crystals_upkeep_add
planet_districts_rw_farming_society_research_upkeep_add
planet_districts_rw_farming_sr_dark_matter_upkeep_add
planet_districts_rw_farming_sr_living_metal_upkeep_add
planet_districts_rw_farming_sr_zro_upkeep_add
planet_districts_rw_farming_trade_upkeep_add
planet_districts_rw_farming_unity_upkeep_add
planet_districts_rw_farming_volatile_motes_upkeep_add
planet_districts_rw_generator_advanced_logic_upkeep_add
planet_districts_rw_generator_alloys_upkeep_add
planet_districts_rw_generator_astral_threads_upkeep_add
planet_districts_rw_generator_biomass_upkeep_add
planet_districts_rw_generator_consumer_goods_upkeep_add
planet_districts_rw_generator_energy_upkeep_add
planet_districts_rw_generator_engineering_research_upkeep_add
planet_districts_rw_generator_entropy_crystals_upkeep_add
planet_districts_rw_generator_exotic_gases_upkeep_add
planet_districts_rw_generator_feral_insight_upkeep_add
planet_districts_rw_generator_food_upkeep_add
planet_districts_rw_generator_influence_upkeep_add
planet_districts_rw_generator_menace_upkeep_add
planet_districts_rw_generator_minerals_upkeep_add
planet_districts_rw_generator_minor_artifacts_upkeep_add
planet_districts_rw_generator_nanites_upkeep_add
planet_districts_rw_generator_physics_research_upkeep_add
planet_districts_rw_generator_rare_crystals_upkeep_add
planet_districts_rw_generator_society_research_upkeep_add
planet_districts_rw_generator_sr_dark_matter_upkeep_add
planet_districts_rw_generator_sr_living_metal_upkeep_add
planet_districts_rw_generator_sr_zro_upkeep_add
planet_districts_rw_generator_trade_upkeep_add
planet_districts_rw_generator_unity_upkeep_add
planet_districts_rw_generator_volatile_motes_upkeep_add
planet_districts_society_research_upkeep_add
planet_districts_sr_dark_matter_upkeep_add
planet_districts_sr_living_metal_upkeep_add
planet_districts_sr_zro_upkeep_add
planet_districts_trade_upkeep_add
planet_districts_unity_upkeep_add
planet_districts_volatile_motes_upkeep_add
planet_engineers_advanced_logic_produces_mult
planet_engineers_alloys_produces_mult
planet_engineers_astral_threads_produces_mult
planet_engineers_biomass_produces_mult
planet_engineers_consumer_goods_produces_mult
planet_engineers_energy_produces_mult
planet_engineers_engineering_research_produces_mult
planet_engineers_entropy_crystals_produces_mult
planet_engineers_exotic_gases_produces_mult
planet_engineers_feral_insight_produces_mult
planet_engineers_food_produces_mult
planet_engineers_influence_produces_mult
planet_engineers_menace_produces_mult
planet_engineers_minerals_produces_mult
planet_engineers_minor_artifacts_produces_mult
planet_engineers_nanites_produces_mult
planet_engineers_physics_research_produces_mult
planet_engineers_produces_mult
planet_engineers_rare_crystals_produces_mult
planet_engineers_society_research_produces_mult
planet_engineers_sr_dark_matter_produces_mult
planet_engineers_sr_living_metal_produces_mult
planet_engineers_sr_zro_produces_mult
planet_engineers_trade_produces_mult
planet_engineers_unity_produces_mult
planet_engineers_volatile_motes_produces_mult
planet_holding_toxic_bath_build_speed_mult
planet_holding_toxic_bath_hive_build_speed_mult
planet_holding_toxic_bath_machine_build_speed_mult
planet_sr_miners_advanced_logic_produces_mult
planet_sr_miners_advanced_logic_upkeep_add
planet_sr_miners_alloys_produces_mult
planet_sr_miners_alloys_upkeep_add
planet_sr_miners_astral_threads_produces_mult
planet_sr_miners_astral_threads_upkeep_add
planet_sr_miners_biomass_produces_mult
planet_sr_miners_biomass_upkeep_add
planet_sr_miners_consumer_goods_produces_mult
planet_sr_miners_consumer_goods_upkeep_add
planet_sr_miners_energy_produces_mult
planet_sr_miners_energy_upkeep_add
planet_sr_miners_engineering_research_produces_mult
planet_sr_miners_engineering_research_upkeep_add
planet_sr_miners_entropy_crystals_produces_mult
planet_sr_miners_entropy_crystals_upkeep_add
planet_sr_miners_exotic_gases_produces_mult
planet_sr_miners_exotic_gases_upkeep_add
planet_sr_miners_feral_insight_produces_mult
planet_sr_miners_feral_insight_upkeep_add
planet_sr_miners_food_produces_mult
planet_sr_miners_food_upkeep_add
planet_sr_miners_influence_produces_mult
planet_sr_miners_influence_upkeep_add
planet_sr_miners_menace_produces_mult
planet_sr_miners_menace_upkeep_add
planet_sr_miners_minerals_produces_mult
planet_sr_miners_minerals_upkeep_add
planet_sr_miners_minor_artifacts_produces_mult
planet_sr_miners_minor_artifacts_upkeep_add
planet_sr_miners_nanites_produces_mult
planet_sr_miners_nanites_upkeep_add
planet_sr_miners_physics_research_produces_mult
planet_sr_miners_physics_research_upkeep_add
planet_sr_miners_produces_mult
planet_sr_miners_rare_crystals_produces_mult
planet_sr_miners_rare_crystals_upkeep_add
planet_sr_miners_society_research_produces_mult
planet_sr_miners_society_research_upkeep_add
planet_sr_miners_sr_dark_matter_produces_mult
planet_sr_miners_sr_dark_matter_upkeep_add
planet_sr_miners_sr_living_metal_produces_mult
planet_sr_miners_sr_living_metal_upkeep_add
planet_sr_miners_sr_zro_produces_mult
planet_sr_miners_sr_zro_upkeep_add
planet_sr_miners_trade_produces_mult
planet_sr_miners_trade_upkeep_add
planet_sr_miners_unity_produces_mult
planet_sr_miners_unity_upkeep_add
planet_sr_miners_volatile_motes_produces_mult
planet_sr_miners_volatile_motes_upkeep_add
planet_test_subjects_advanced_logic_produces_add
planet_test_subjects_alloys_produces_add
planet_test_subjects_astral_threads_produces_add
planet_test_subjects_biomass_produces_add
planet_test_subjects_consumer_goods_produces_add
planet_test_subjects_energy_produces_add
planet_test_subjects_engineering_research_produces_add
planet_test_subjects_entropy_crystals_produces_add
planet_test_subjects_exotic_gases_produces_add
planet_test_subjects_feral_insight_produces_add
planet_test_subjects_food_produces_add
planet_test_subjects_influence_produces_add
planet_test_subjects_menace_produces_add
planet_test_subjects_minerals_produces_add
planet_test_subjects_minor_artifacts_produces_add
planet_test_subjects_nanites_produces_add
planet_test_subjects_physics_research_produces_add
planet_test_subjects_rare_crystals_produces_add
planet_test_subjects_society_research_produces_add
planet_test_subjects_sr_dark_matter_produces_add
planet_test_subjects_sr_living_metal_produces_add
planet_test_subjects_sr_zro_produces_add
planet_test_subjects_trade_produces_add
planet_test_subjects_unity_produces_add
planet_test_subjects_volatile_motes_produces_add
planet_zone_energy_physics_build_speed_mult
planet_zone_food_biology_build_speed_mult
planet_zone_minerals_engineering_build_speed_mult
planet_zone_urban_energy_build_speed_mult
planet_zone_urban_food_build_speed_mult
planet_zone_urban_minerals_build_speed_mult
pop_animal_handler_bonus_workforce_mult
pop_animal_handler_promotion_time_mult
pop_animal_handler_workforce_mult
pop_beastfighter_bonus_workforce_mult
pop_beastfighter_promotion_time_mult
pop_beastfighter_workforce_mult
pop_crystal_miner_promotion_time_mult
pop_crystal_mining_drone_promotion_time_mult
pop_drone_geologist_bonus_workforce_mult
pop_drone_geologist_promotion_time_mult
pop_drone_geologist_workforce_mult
pop_drone_historical_curator_bonus_workforce_mult
pop_drone_historical_curator_promotion_time_mult
pop_drone_historical_curator_workforce_mult
pop_drone_wonder_curator_bonus_workforce_mult
pop_drone_wonder_curator_promotion_time_mult
pop_drone_wonder_curator_workforce_mult
pop_drone_wrangler_promotion_time_mult
pop_gas_extraction_drone_promotion_time_mult
pop_gas_extractor_promotion_time_mult
pop_geologist_bonus_workforce_mult
pop_geologist_promotion_time_mult
pop_geologist_workforce_mult
pop_historical_curator_promotion_time_mult
pop_hunter_drone_bonus_workforce_mult
pop_hunter_drone_promotion_time_mult
pop_hunter_drone_workforce_mult
pop_mote_harvester_promotion_time_mult
pop_mote_harvesting_drone_promotion_time_mult
pop_overlord_bath_attendant_bonus_workforce_mult
pop_overlord_bath_attendant_hive_bonus_workforce_mult
pop_overlord_bath_attendant_hive_promotion_time_mult
pop_overlord_bath_attendant_hive_workforce_mult
pop_overlord_bath_attendant_machine_bonus_workforce_mult
pop_overlord_bath_attendant_machine_promotion_time_mult
pop_overlord_bath_attendant_machine_workforce_mult
pop_overlord_bath_attendant_promotion_time_mult
pop_overlord_bath_attendant_workforce_mult
pop_rancher_bonus_workforce_mult
pop_rancher_workforce_mult
pop_symbiosis_integrator_bonus_workforce_mult
pop_symbiosis_integrator_promotion_time_mult
pop_symbiosis_integrator_workforce_mult
pop_trophy_hunter_bonus_workforce_mult
pop_trophy_hunter_promotion_time_mult
pop_trophy_hunter_workforce_mult
pop_underground_contact_drone_promotion_time_mult
pop_underground_trade_worker_promotion_time_mult
pop_wonder_curator_bonus_workforce_mult
pop_wonder_curator_promotion_time_mult
pop_wonder_curator_workforce_mult